{"C:\\Users\\j_xv\\Downloads\\desafio-jorge-medeiros\\src\\caixa-da-lanchonete.js": {"path":"C:\\Users\\j_xv\\Downloads\\desafio-jorge-medeiros\\src\\caixa-da-lanchonete.js","all":false,"statementMap":{"0":{"start":{"line":1,"column":0},"end":{"line":1,"column":25}},"1":{"start":{"line":2,"column":0},"end":{"line":2,"column":17}},"2":{"start":{"line":3,"column":0},"end":{"line":3,"column":21}},"3":{"start":{"line":4,"column":0},"end":{"line":4,"column":67}},"4":{"start":{"line":5,"column":0},"end":{"line":5,"column":93}},"5":{"start":{"line":6,"column":0},"end":{"line":6,"column":75}},"6":{"start":{"line":7,"column":0},"end":{"line":7,"column":77}},"7":{"start":{"line":8,"column":0},"end":{"line":8,"column":99}},"8":{"start":{"line":9,"column":0},"end":{"line":9,"column":74}},"9":{"start":{"line":10,"column":0},"end":{"line":10,"column":85}},"10":{"start":{"line":11,"column":0},"end":{"line":11,"column":84}},"11":{"start":{"line":12,"column":0},"end":{"line":12,"column":6}},"12":{"start":{"line":13,"column":0},"end":{"line":13,"column":3}},"13":{"start":{"line":14,"column":0},"end":{"line":14,"column":0}},"14":{"start":{"line":15,"column":0},"end":{"line":15,"column":50}},"15":{"start":{"line":16,"column":0},"end":{"line":16,"column":39}},"16":{"start":{"line":17,"column":0},"end":{"line":17,"column":50}},"17":{"start":{"line":18,"column":0},"end":{"line":18,"column":5}},"18":{"start":{"line":19,"column":0},"end":{"line":19,"column":0}},"19":{"start":{"line":20,"column":0},"end":{"line":20,"column":67}},"20":{"start":{"line":21,"column":0},"end":{"line":21,"column":59}},"21":{"start":{"line":22,"column":0},"end":{"line":22,"column":44}},"22":{"start":{"line":23,"column":0},"end":{"line":23,"column":5}},"23":{"start":{"line":24,"column":0},"end":{"line":24,"column":0}},"24":{"start":{"line":25,"column":0},"end":{"line":25,"column":30}},"25":{"start":{"line":26,"column":0},"end":{"line":26,"column":23}},"26":{"start":{"line":27,"column":0},"end":{"line":27,"column":0}},"27":{"start":{"line":28,"column":0},"end":{"line":28,"column":35}},"28":{"start":{"line":29,"column":0},"end":{"line":29,"column":55}},"29":{"start":{"line":30,"column":0},"end":{"line":30,"column":0}},"30":{"start":{"line":31,"column":0},"end":{"line":31,"column":50}},"31":{"start":{"line":32,"column":0},"end":{"line":32,"column":32}},"32":{"start":{"line":33,"column":0},"end":{"line":33,"column":7}},"33":{"start":{"line":34,"column":0},"end":{"line":34,"column":0}},"34":{"start":{"line":35,"column":0},"end":{"line":35,"column":74}},"35":{"start":{"line":36,"column":0},"end":{"line":36,"column":37}},"36":{"start":{"line":37,"column":0},"end":{"line":37,"column":7}},"37":{"start":{"line":38,"column":0},"end":{"line":38,"column":71}},"38":{"start":{"line":39,"column":0},"end":{"line":39,"column":34}},"39":{"start":{"line":40,"column":0},"end":{"line":40,"column":5}},"40":{"start":{"line":41,"column":0},"end":{"line":41,"column":0}},"41":{"start":{"line":42,"column":0},"end":{"line":42,"column":56}},"42":{"start":{"line":43,"column":0},"end":{"line":43,"column":62}},"43":{"start":{"line":44,"column":0},"end":{"line":44,"column":5}},"44":{"start":{"line":45,"column":0},"end":{"line":45,"column":0}},"45":{"start":{"line":46,"column":0},"end":{"line":46,"column":42}},"46":{"start":{"line":47,"column":0},"end":{"line":47,"column":25}},"47":{"start":{"line":48,"column":0},"end":{"line":48,"column":48}},"48":{"start":{"line":49,"column":0},"end":{"line":49,"column":25}},"49":{"start":{"line":50,"column":0},"end":{"line":50,"column":5}},"50":{"start":{"line":51,"column":0},"end":{"line":51,"column":0}},"51":{"start":{"line":52,"column":0},"end":{"line":52,"column":59}},"52":{"start":{"line":53,"column":0},"end":{"line":53,"column":3}},"53":{"start":{"line":54,"column":0},"end":{"line":54,"column":0}},"54":{"start":{"line":55,"column":0},"end":{"line":55,"column":43}},"55":{"start":{"line":56,"column":0},"end":{"line":56,"column":54}},"56":{"start":{"line":57,"column":0},"end":{"line":57,"column":56}},"57":{"start":{"line":58,"column":0},"end":{"line":58,"column":0}},"58":{"start":{"line":59,"column":0},"end":{"line":59,"column":37}},"59":{"start":{"line":60,"column":0},"end":{"line":60,"column":40}},"60":{"start":{"line":61,"column":0},"end":{"line":61,"column":64}},"61":{"start":{"line":62,"column":0},"end":{"line":62,"column":52}},"62":{"start":{"line":63,"column":0},"end":{"line":63,"column":23}},"63":{"start":{"line":64,"column":0},"end":{"line":64,"column":9}},"64":{"start":{"line":65,"column":0},"end":{"line":65,"column":7}},"65":{"start":{"line":66,"column":0},"end":{"line":66,"column":5}},"66":{"start":{"line":67,"column":0},"end":{"line":67,"column":16}},"67":{"start":{"line":68,"column":0},"end":{"line":68,"column":3}},"68":{"start":{"line":69,"column":0},"end":{"line":69,"column":1}},"69":{"start":{"line":70,"column":0},"end":{"line":70,"column":0}},"70":{"start":{"line":71,"column":0},"end":{"line":71,"column":29}}},"s":{"0":1,"1":1,"2":23,"3":23,"4":23,"5":23,"6":23,"7":23,"8":23,"9":23,"10":23,"11":23,"12":23,"13":1,"14":1,"15":23,"16":3,"17":3,"18":20,"19":20,"20":23,"21":1,"22":1,"23":19,"24":19,"25":19,"26":19,"27":23,"28":39,"29":39,"30":39,"31":2,"32":2,"33":37,"34":39,"35":1,"36":1,"37":36,"38":36,"39":36,"40":16,"41":23,"42":5,"43":5,"44":11,"45":23,"46":3,"47":23,"48":4,"49":4,"50":11,"51":11,"52":11,"53":1,"54":1,"55":16,"56":16,"57":16,"58":16,"59":30,"60":13,"61":13,"62":5,"63":5,"64":13,"65":30,"66":11,"67":11,"68":1,"69":1,"70":1},"branchMap":{"0":{"type":"branch","line":2,"loc":{"start":{"line":2,"column":2},"end":{"line":13,"column":3}},"locations":[{"start":{"line":2,"column":2},"end":{"line":13,"column":3}}]},"1":{"type":"branch","line":15,"loc":{"start":{"line":15,"column":2},"end":{"line":53,"column":3}},"locations":[{"start":{"line":15,"column":2},"end":{"line":53,"column":3}}]},"2":{"type":"branch","line":16,"loc":{"start":{"line":16,"column":38},"end":{"line":18,"column":5}},"locations":[{"start":{"line":16,"column":38},"end":{"line":18,"column":5}}]},"3":{"type":"branch","line":18,"loc":{"start":{"line":18,"column":4},"end":{"line":21,"column":58}},"locations":[{"start":{"line":18,"column":4},"end":{"line":21,"column":58}}]},"4":{"type":"branch","line":21,"loc":{"start":{"line":21,"column":58},"end":{"line":23,"column":5}},"locations":[{"start":{"line":21,"column":58},"end":{"line":23,"column":5}}]},"5":{"type":"branch","line":23,"loc":{"start":{"line":23,"column":4},"end":{"line":28,"column":34}},"locations":[{"start":{"line":23,"column":4},"end":{"line":28,"column":34}}]},"6":{"type":"branch","line":28,"loc":{"start":{"line":28,"column":34},"end":{"line":40,"column":5}},"locations":[{"start":{"line":28,"column":34},"end":{"line":40,"column":5}}]},"7":{"type":"branch","line":31,"loc":{"start":{"line":31,"column":49},"end":{"line":33,"column":7}},"locations":[{"start":{"line":31,"column":49},"end":{"line":33,"column":7}}]},"8":{"type":"branch","line":33,"loc":{"start":{"line":33,"column":6},"end":{"line":35,"column":49}},"locations":[{"start":{"line":33,"column":6},"end":{"line":35,"column":49}}]},"9":{"type":"branch","line":35,"loc":{"start":{"line":35,"column":49},"end":{"line":35,"column":71}},"locations":[{"start":{"line":35,"column":49},"end":{"line":35,"column":71}}]},"10":{"type":"branch","line":35,"loc":{"start":{"line":35,"column":73},"end":{"line":37,"column":7}},"locations":[{"start":{"line":35,"column":73},"end":{"line":37,"column":7}}]},"11":{"type":"branch","line":37,"loc":{"start":{"line":37,"column":6},"end":{"line":40,"column":5}},"locations":[{"start":{"line":37,"column":6},"end":{"line":40,"column":5}}]},"12":{"type":"branch","line":40,"loc":{"start":{"line":40,"column":4},"end":{"line":42,"column":55}},"locations":[{"start":{"line":40,"column":4},"end":{"line":42,"column":55}}]},"13":{"type":"branch","line":42,"loc":{"start":{"line":42,"column":55},"end":{"line":44,"column":5}},"locations":[{"start":{"line":42,"column":55},"end":{"line":44,"column":5}}]},"14":{"type":"branch","line":44,"loc":{"start":{"line":44,"column":4},"end":{"line":46,"column":41}},"locations":[{"start":{"line":44,"column":4},"end":{"line":46,"column":41}}]},"15":{"type":"branch","line":46,"loc":{"start":{"line":46,"column":41},"end":{"line":48,"column":5}},"locations":[{"start":{"line":46,"column":41},"end":{"line":48,"column":5}}]},"16":{"type":"branch","line":48,"loc":{"start":{"line":48,"column":5},"end":{"line":50,"column":5}},"locations":[{"start":{"line":48,"column":5},"end":{"line":50,"column":5}}]},"17":{"type":"branch","line":48,"loc":{"start":{"line":48,"column":47},"end":{"line":50,"column":5}},"locations":[{"start":{"line":48,"column":47},"end":{"line":50,"column":5}}]},"18":{"type":"branch","line":50,"loc":{"start":{"line":50,"column":4},"end":{"line":53,"column":3}},"locations":[{"start":{"line":50,"column":4},"end":{"line":53,"column":3}}]},"19":{"type":"branch","line":55,"loc":{"start":{"line":55,"column":2},"end":{"line":68,"column":3}},"locations":[{"start":{"line":55,"column":2},"end":{"line":68,"column":3}}]},"20":{"type":"branch","line":59,"loc":{"start":{"line":59,"column":36},"end":{"line":66,"column":5}},"locations":[{"start":{"line":59,"column":36},"end":{"line":66,"column":5}}]},"21":{"type":"branch","line":60,"loc":{"start":{"line":60,"column":39},"end":{"line":65,"column":7}},"locations":[{"start":{"line":60,"column":39},"end":{"line":65,"column":7}}]},"22":{"type":"branch","line":62,"loc":{"start":{"line":62,"column":51},"end":{"line":64,"column":9}},"locations":[{"start":{"line":62,"column":51},"end":{"line":64,"column":9}}]},"23":{"type":"branch","line":66,"loc":{"start":{"line":66,"column":4},"end":{"line":68,"column":3}},"locations":[{"start":{"line":66,"column":4},"end":{"line":68,"column":3}}]}},"b":{"0":[23],"1":[23],"2":[3],"3":[20],"4":[1],"5":[19],"6":[39],"7":[2],"8":[37],"9":[37],"10":[1],"11":[36],"12":[16],"13":[5],"14":[11],"15":[3],"16":[8],"17":[4],"18":[11],"19":[16],"20":[30],"21":[13],"22":[5],"23":[11]},"fnMap":{"0":{"name":"CaixaDaLanchonete","decl":{"start":{"line":2,"column":2},"end":{"line":13,"column":3}},"loc":{"start":{"line":2,"column":2},"end":{"line":13,"column":3}},"line":2},"1":{"name":"calcularValorDaCompra","decl":{"start":{"line":15,"column":2},"end":{"line":53,"column":3}},"loc":{"start":{"line":15,"column":2},"end":{"line":53,"column":3}},"line":15},"2":{"name":"verificarItensComprados","decl":{"start":{"line":55,"column":2},"end":{"line":68,"column":3}},"loc":{"start":{"line":55,"column":2},"end":{"line":68,"column":3}},"line":55}},"f":{"0":23,"1":23,"2":16}}
}
