TN:
SF:src\caixa-da-lanchonete.js
FN:2,CaixaDaLanchonete
FN:15,calcularValorDaCompra
FN:55,verificarItensComprados
FNF:3
FNH:3
FNDA:23,CaixaDaLanchonete
FNDA:23,calcularValorDaCompra
FNDA:16,verificarItensComprados
DA:1,1
DA:2,1
DA:3,23
DA:4,23
DA:5,23
DA:6,23
DA:7,23
DA:8,23
DA:9,23
DA:10,23
DA:11,23
DA:12,23
DA:13,23
DA:14,1
DA:15,1
DA:16,23
DA:17,3
DA:18,3
DA:19,20
DA:20,20
DA:21,23
DA:22,1
DA:23,1
DA:24,19
DA:25,19
DA:26,19
DA:27,19
DA:28,23
DA:29,39
DA:30,39
DA:31,39
DA:32,2
DA:33,2
DA:34,37
DA:35,39
DA:36,1
DA:37,1
DA:38,36
DA:39,36
DA:40,36
DA:41,16
DA:42,23
DA:43,5
DA:44,5
DA:45,11
DA:46,23
DA:47,3
DA:48,23
DA:49,4
DA:50,4
DA:51,11
DA:52,11
DA:53,11
DA:54,1
DA:55,1
DA:56,16
DA:57,16
DA:58,16
DA:59,16
DA:60,30
DA:61,13
DA:62,13
DA:63,5
DA:64,5
DA:65,13
DA:66,30
DA:67,11
DA:68,11
DA:69,1
DA:70,1
DA:71,1
LF:71
LH:71
BRDA:2,0,0,23
BRDA:15,1,0,23
BRDA:16,2,0,3
BRDA:18,3,0,20
BRDA:21,4,0,1
BRDA:23,5,0,19
BRDA:28,6,0,39
BRDA:31,7,0,2
BRDA:33,8,0,37
BRDA:35,9,0,37
BRDA:35,10,0,1
BRDA:37,11,0,36
BRDA:40,12,0,16
BRDA:42,13,0,5
BRDA:44,14,0,11
BRDA:46,15,0,3
BRDA:48,16,0,8
BRDA:48,17,0,4
BRDA:50,18,0,11
BRDA:55,19,0,16
BRDA:59,20,0,30
BRDA:60,21,0,13
BRDA:62,22,0,5
BRDA:66,23,0,11
BRF:24
BRH:24
end_of_record
